<?xml version="1.0" encoding="UTF-8" ?>
<testsuite errors="1" failures="0" hostname="INmaharjun.local" name="com.twu.biblioteca.MainMenuTest" skipped="0" tests="1" time="0.0" timestamp="2015-09-07T05:28:44">
  <properties>
    <property name="java.vendor" value="Oracle Corporation" />
    <property name="sun.java.launcher" value="SUN_STANDARD" />
    <property name="sun.management.compiler" value="HotSpot 64-Bit Tiered Compilers" />
    <property name="os.name" value="Mac OS X" />
    <property name="sun.boot.class.path" value="/Library/Java/JavaVirtualMachines/jdk1.8.0_31.jdk/Contents/Home/jre/lib/resources.jar:/Library/Java/JavaVirtualMachines/jdk1.8.0_31.jdk/Contents/Home/jre/lib/rt.jar:/Library/Java/JavaVirtualMachines/jdk1.8.0_31.jdk/Contents/Home/jre/lib/sunrsasign.jar:/Library/Java/JavaVirtualMachines/jdk1.8.0_31.jdk/Contents/Home/jre/lib/jsse.jar:/Library/Java/JavaVirtualMachines/jdk1.8.0_31.jdk/Contents/Home/jre/lib/jce.jar:/Library/Java/JavaVirtualMachines/jdk1.8.0_31.jdk/Contents/Home/jre/lib/charsets.jar:/Library/Java/JavaVirtualMachines/jdk1.8.0_31.jdk/Contents/Home/jre/lib/jfr.jar:/Library/Java/JavaVirtualMachines/jdk1.8.0_31.jdk/Contents/Home/jre/classes" />
    <property name="java.vm.specification.vendor" value="Oracle Corporation" />
    <property name="ant.home" value="/usr/local/Cellar/ant/1.9.6/libexec" />
    <property name="java.runtime.version" value="1.8.0_31-b13" />
    <property name="package.name" value="com.twu.biblioteca" />
    <property name="cobertura.dir" value="lib/cobertura" />
    <property name="user.name" value="maharjun" />
    <property name="user.language" value="en" />
    <property name="sun.boot.library.path" value="/Library/Java/JavaVirtualMachines/jdk1.8.0_31.jdk/Contents/Home/jre/lib" />
    <property name="ant.file.BibliotecaVersion1" value="/Users/maharjun/IdeaProjects/BibliotecaApp/build.xml" />
    <property name="ant.project.default-target" value="coverage" />
    <property name="ant.project.name" value="BibliotecaVersion1" />
    <property name="java.version" value="1.8.0_31" />
    <property name="user.timezone" value="Asia/Kolkata" />
    <property name="sun.arch.data.model" value="64" />
    <property name="http.nonProxyHosts" value="local|*.local|169.254/16|*.169.254/16" />
    <property name="java.endorsed.dirs" value="/Library/Java/JavaVirtualMachines/jdk1.8.0_31.jdk/Contents/Home/jre/lib/endorsed" />
    <property name="sun.cpu.isalist" value="" />
    <property name="sun.jnu.encoding" value="UTF-8" />
    <property name="file.encoding.pkg" value="sun.io" />
    <property name="file.separator" value="/" />
    <property name="java.specification.name" value="Java Platform API Specification" />
    <property name="java.class.version" value="52.0" />
    <property name="user.country" value="US" />
    <property name="java.home" value="/Library/Java/JavaVirtualMachines/jdk1.8.0_31.jdk/Contents/Home/jre" />
    <property name="java.vm.info" value="mixed mode" />
    <property name="ant.file" value="/Users/maharjun/IdeaProjects/BibliotecaApp/build.xml" />
    <property name="os.version" value="10.10.5" />
    <property name="path.separator" value=":" />
    <property name="java.vm.version" value="25.31-b07" />
    <property name="ant.file.type.BibliotecaVersion1" value="file" />
    <property name="ant.library.dir" value="/usr/local/Cellar/ant/1.9.6/libexec/lib" />
    <property name="java.awt.printerjob" value="sun.lwawt.macosx.CPrinterJob" />
    <property name="sun.io.unicode.encoding" value="UnicodeBig" />
    <property name="awt.toolkit" value="sun.lwawt.macosx.LWCToolkit" />
    <property name="socksNonProxyHosts" value="local|*.local|169.254/16|*.169.254/16" />
    <property name="ftp.nonProxyHosts" value="local|*.local|169.254/16|*.169.254/16" />
    <property name="user.home" value="/Users/maharjun" />
    <property name="java.specification.vendor" value="Oracle Corporation" />
    <property name="java.library.path" value="/Users/maharjun/Library/Java/Extensions:/Library/Java/Extensions:/Network/Library/Java/Extensions:/System/Library/Java/Extensions:/usr/lib/java:." />
    <property name="java.vendor.url" value="http://java.oracle.com/" />
    <property name="java.vm.vendor" value="Oracle Corporation" />
    <property name="gopherProxySet" value="false" />
    <property name="java.runtime.name" value="Java(TM) SE Runtime Environment" />
    <property name="sun.java.command" value="org.apache.tools.ant.launch.Launcher -cp  -lib /usr/local/share/ant coverage" />
    <property name="java.class.path" value="/usr/local/Cellar/ant/1.9.6/libexec/lib/ant-launcher.jar:/usr/local/share/ant:/usr/local/Cellar/ant/1.9.6/libexec/lib/ant-antlr.jar:/usr/local/Cellar/ant/1.9.6/libexec/lib/ant-apache-bcel.jar:/usr/local/Cellar/ant/1.9.6/libexec/lib/ant-apache-bsf.jar:/usr/local/Cellar/ant/1.9.6/libexec/lib/ant-apache-log4j.jar:/usr/local/Cellar/ant/1.9.6/libexec/lib/ant-apache-oro.jar:/usr/local/Cellar/ant/1.9.6/libexec/lib/ant-apache-regexp.jar:/usr/local/Cellar/ant/1.9.6/libexec/lib/ant-apache-resolver.jar:/usr/local/Cellar/ant/1.9.6/libexec/lib/ant-apache-xalan2.jar:/usr/local/Cellar/ant/1.9.6/libexec/lib/ant-commons-logging.jar:/usr/local/Cellar/ant/1.9.6/libexec/lib/ant-commons-net.jar:/usr/local/Cellar/ant/1.9.6/libexec/lib/ant-jai.jar:/usr/local/Cellar/ant/1.9.6/libexec/lib/ant-javamail.jar:/usr/local/Cellar/ant/1.9.6/libexec/lib/ant-jdepend.jar:/usr/local/Cellar/ant/1.9.6/libexec/lib/ant-jmf.jar:/usr/local/Cellar/ant/1.9.6/libexec/lib/ant-jsch.jar:/usr/local/Cellar/ant/1.9.6/libexec/lib/ant-junit.jar:/usr/local/Cellar/ant/1.9.6/libexec/lib/ant-junit4.jar:/usr/local/Cellar/ant/1.9.6/libexec/lib/ant-launcher.jar:/usr/local/Cellar/ant/1.9.6/libexec/lib/ant-netrexx.jar:/usr/local/Cellar/ant/1.9.6/libexec/lib/ant-swing.jar:/usr/local/Cellar/ant/1.9.6/libexec/lib/ant-testutil.jar:/usr/local/Cellar/ant/1.9.6/libexec/lib/ant.jar:/Library/Java/JavaVirtualMachines/jdk1.8.0_31.jdk/Contents/Home/lib/tools.jar" />
    <property name="ant.version" value="Apache Ant(TM) version 1.9.6 compiled on June 29 2015" />
    <property name="project.name" value="BibliotecaApp" />
    <property name="java.vm.specification.name" value="Java Virtual Machine Specification" />
    <property name="ant.file.type" value="file" />
    <property name="java.vm.specification.version" value="1.8" />
    <property name="sun.cpu.endian" value="little" />
    <property name="sun.os.patch.level" value="unknown" />
    <property name="java.io.tmpdir" value="/var/folders/x4/y6p7k9m90mn9rp27ly31r2rr0000gp/T/" />
    <property name="java.vendor.url.bug" value="http://bugreport.sun.com/bugreport/" />
    <property name="main.name" value="BibliotecaApp" />
    <property name="os.arch" value="x86_64" />
    <property name="java.awt.graphicsenv" value="sun.awt.CGraphicsEnvironment" />
    <property name="java.ext.dirs" value="/Users/maharjun/Library/Java/Extensions:/Library/Java/JavaVirtualMachines/jdk1.8.0_31.jdk/Contents/Home/jre/lib/ext:/Library/Java/Extensions:/Network/Library/Java/Extensions:/System/Library/Java/Extensions:/usr/lib/java" />
    <property name="user.dir" value="/Users/maharjun/IdeaProjects/BibliotecaApp" />
    <property name="line.separator" value="&#xa;" />
    <property name="java.vm.name" value="Java HotSpot(TM) 64-Bit Server VM" />
    <property name="basedir" value="/Users/maharjun/IdeaProjects/BibliotecaApp" />
    <property name="ant.java.version" value="1.8" />
    <property name="ant.core.lib" value="/usr/local/Cellar/ant/1.9.6/libexec/lib/ant.jar" />
    <property name="file.encoding" value="UTF-8" />
    <property name="java.specification.version" value="1.8" />
    <property name="ant.project.invoked-targets" value="coverage" />
  </properties>
  <testcase classname="com.twu.biblioteca.MainMenuTest" name="shouldCloseTheApplicationAfterChoosingQuitOption" time="0.0">
    <error message="Forked Java VM exited abnormally. Please note the time in the report does not reflect the time until the VM exit." type="junit.framework.AssertionFailedError">junit.framework.AssertionFailedError: Forked Java VM exited abnormally. Please note the time in the report does not reflect the time until the VM exit.
</error>
  </testcase>
</testsuite>
