<?xml version="1.0" encoding="UTF-8" ?>
<testsuite errors="0" failures="0" hostname="INmaharjun.local" name="com.twu.biblioteca.LibraryTest" skipped="0" tests="5" time="0.168" timestamp="2015-09-14T05:11:03">
  <properties>
    <property name="java.vendor" value="Oracle Corporation" />
    <property name="sun.java.launcher" value="SUN_STANDARD" />
    <property name="sun.management.compiler" value="HotSpot 64-Bit Tiered Compilers" />
    <property name="os.name" value="Mac OS X" />
    <property name="sun.boot.class.path" value="/Library/Java/JavaVirtualMachines/jdk1.8.0_31.jdk/Contents/Home/jre/lib/resources.jar:/Library/Java/JavaVirtualMachines/jdk1.8.0_31.jdk/Contents/Home/jre/lib/rt.jar:/Library/Java/JavaVirtualMachines/jdk1.8.0_31.jdk/Contents/Home/jre/lib/sunrsasign.jar:/Library/Java/JavaVirtualMachines/jdk1.8.0_31.jdk/Contents/Home/jre/lib/jsse.jar:/Library/Java/JavaVirtualMachines/jdk1.8.0_31.jdk/Contents/Home/jre/lib/jce.jar:/Library/Java/JavaVirtualMachines/jdk1.8.0_31.jdk/Contents/Home/jre/lib/charsets.jar:/Library/Java/JavaVirtualMachines/jdk1.8.0_31.jdk/Contents/Home/jre/lib/jfr.jar:/Library/Java/JavaVirtualMachines/jdk1.8.0_31.jdk/Contents/Home/jre/classes" />
    <property name="java.vm.specification.vendor" value="Oracle Corporation" />
    <property name="ant.home" value="/usr/local/Cellar/ant/1.9.6/libexec" />
    <property name="java.runtime.version" value="1.8.0_31-b13" />
    <property name="package.name" value="com.twu.biblioteca" />
    <property name="cobertura.dir" value="lib/cobertura" />
    <property name="user.name" value="maharjun" />
    <property name="user.language" value="en" />
    <property name="sun.boot.library.path" value="/Library/Java/JavaVirtualMachines/jdk1.8.0_31.jdk/Contents/Home/jre/lib" />
    <property name="ant.file.BibliotecaVersion1" value="/Users/maharjun/IdeaProjects/BibliotecaApp/build.xml" />
    <property name="ant.project.default-target" value="coverage" />
    <property name="ant.project.name" value="BibliotecaVersion1" />
    <property name="java.version" value="1.8.0_31" />
    <property name="user.timezone" value="Asia/Kolkata" />
    <property name="sun.arch.data.model" value="64" />
    <property name="http.nonProxyHosts" value="local|*.local|169.254/16|*.169.254/16" />
    <property name="java.endorsed.dirs" value="/Library/Java/JavaVirtualMachines/jdk1.8.0_31.jdk/Contents/Home/jre/lib/endorsed" />
    <property name="sun.cpu.isalist" value="" />
    <property name="sun.jnu.encoding" value="UTF-8" />
    <property name="file.encoding.pkg" value="sun.io" />
    <property name="file.separator" value="/" />
    <property name="java.specification.name" value="Java Platform API Specification" />
    <property name="java.class.version" value="52.0" />
    <property name="user.country" value="US" />
    <property name="java.home" value="/Library/Java/JavaVirtualMachines/jdk1.8.0_31.jdk/Contents/Home/jre" />
    <property name="java.vm.info" value="mixed mode" />
    <property name="ant.file" value="/Users/maharjun/IdeaProjects/BibliotecaApp/build.xml" />
    <property name="os.version" value="10.10.5" />
    <property name="path.separator" value=":" />
    <property name="java.vm.version" value="25.31-b07" />
    <property name="ant.file.type.BibliotecaVersion1" value="file" />
    <property name="ant.library.dir" value="/usr/local/Cellar/ant/1.9.6/libexec/lib" />
    <property name="java.awt.printerjob" value="sun.lwawt.macosx.CPrinterJob" />
    <property name="sun.io.unicode.encoding" value="UnicodeBig" />
    <property name="awt.toolkit" value="sun.lwawt.macosx.LWCToolkit" />
    <property name="socksNonProxyHosts" value="local|*.local|169.254/16|*.169.254/16" />
    <property name="ftp.nonProxyHosts" value="local|*.local|169.254/16|*.169.254/16" />
    <property name="user.home" value="/Users/maharjun" />
    <property name="java.specification.vendor" value="Oracle Corporation" />
    <property name="java.library.path" value="/Users/maharjun/Library/Java/Extensions:/Library/Java/Extensions:/Network/Library/Java/Extensions:/System/Library/Java/Extensions:/usr/lib/java:." />
    <property name="java.vendor.url" value="http://java.oracle.com/" />
    <property name="java.vm.vendor" value="Oracle Corporation" />
    <property name="gopherProxySet" value="false" />
    <property name="java.runtime.name" value="Java(TM) SE Runtime Environment" />
    <property name="sun.java.command" value="org.apache.tools.ant.taskdefs.optional.junit.JUnitTestRunner com.twu.biblioteca.LibraryTest skipNonTests=false filtertrace=true haltOnError=false haltOnFailure=false formatter=org.apache.tools.ant.taskdefs.optional.junit.SummaryJUnitResultFormatter showoutput=false outputtoformatters=true logfailedtests=true threadid=0 logtestlistenerevents=false formatter=org.apache.tools.ant.taskdefs.optional.junit.XMLJUnitResultFormatter,/Users/maharjun/IdeaProjects/BibliotecaApp/reports/TEST-com.twu.biblioteca.LibraryTest.xml formatter=org.apache.tools.ant.taskdefs.optional.junit.PlainJUnitResultFormatter crashfile=/Users/maharjun/IdeaProjects/BibliotecaApp/junitvmwatcher1750680019439293334.properties propsfile=/Users/maharjun/IdeaProjects/BibliotecaApp/junit829504507831449084.properties" />
    <property name="java.class.path" value="/Users/maharjun/IdeaProjects/BibliotecaApp/instrumented:/Users/maharjun/IdeaProjects/BibliotecaApp/lib/junit-4.11.jar:/Users/maharjun/IdeaProjects/BibliotecaApp/lib/hamcrest-core-1.3.jar:/Users/maharjun/IdeaProjects/BibliotecaApp/out:/Users/maharjun/IdeaProjects/BibliotecaApp/lib/cobertura-2.1.1/cobertura-2.1.1-javadoc.jar:/Users/maharjun/IdeaProjects/BibliotecaApp/lib/cobertura-2.1.1/cobertura-2.1.1-sources.jar:/Users/maharjun/IdeaProjects/BibliotecaApp/lib/cobertura-2.1.1/cobertura-2.1.1.jar:/Users/maharjun/IdeaProjects/BibliotecaApp/lib/cobertura-2.1.1/lib/asm-5.0.1.jar:/Users/maharjun/IdeaProjects/BibliotecaApp/lib/cobertura-2.1.1/lib/asm-analysis-5.0.1.jar:/Users/maharjun/IdeaProjects/BibliotecaApp/lib/cobertura-2.1.1/lib/asm-commons-5.0.1.jar:/Users/maharjun/IdeaProjects/BibliotecaApp/lib/cobertura-2.1.1/lib/asm-tree-5.0.1.jar:/Users/maharjun/IdeaProjects/BibliotecaApp/lib/cobertura-2.1.1/lib/asm-util-5.0.1.jar:/Users/maharjun/IdeaProjects/BibliotecaApp/lib/cobertura-2.1.1/lib/commons-lang3-3.3.2.jar:/Users/maharjun/IdeaProjects/BibliotecaApp/lib/cobertura-2.1.1/lib/hamcrest-core-1.3.jar:/Users/maharjun/IdeaProjects/BibliotecaApp/lib/cobertura-2.1.1/lib/jaxen-1.1.4.jar:/Users/maharjun/IdeaProjects/BibliotecaApp/lib/cobertura-2.1.1/lib/jetty-6.1.14.jar:/Users/maharjun/IdeaProjects/BibliotecaApp/lib/cobertura-2.1.1/lib/jetty-util-6.1.14.jar:/Users/maharjun/IdeaProjects/BibliotecaApp/lib/cobertura-2.1.1/lib/junit-4.11.jar:/Users/maharjun/IdeaProjects/BibliotecaApp/lib/cobertura-2.1.1/lib/logback-classic-1.0.13.jar:/Users/maharjun/IdeaProjects/BibliotecaApp/lib/cobertura-2.1.1/lib/logback-core-1.0.13.jar:/Users/maharjun/IdeaProjects/BibliotecaApp/lib/cobertura-2.1.1/lib/oro-2.0.8.jar:/Users/maharjun/IdeaProjects/BibliotecaApp/lib/cobertura-2.1.1/lib/servlet-api-2.5-6.1.14.jar:/Users/maharjun/IdeaProjects/BibliotecaApp/lib/cobertura-2.1.1/lib/slf4j-api-1.7.5.jar:/usr/local/Cellar/ant/1.9.6/libexec/lib/ant-launcher.jar:/usr/local/Cellar/ant/1.9.6/libexec/lib/ant.jar:/usr/local/Cellar/ant/1.9.6/libexec/lib/ant-junit.jar:/usr/local/Cellar/ant/1.9.6/libexec/lib/ant-junit4.jar" />
    <property name="ant.version" value="Apache Ant(TM) version 1.9.6 compiled on June 29 2015" />
    <property name="project.name" value="BibliotecaApp" />
    <property name="java.vm.specification.name" value="Java Virtual Machine Specification" />
    <property name="ant.file.type" value="file" />
    <property name="java.vm.specification.version" value="1.8" />
    <property name="sun.cpu.endian" value="little" />
    <property name="sun.os.patch.level" value="unknown" />
    <property name="java.io.tmpdir" value="/var/folders/x4/y6p7k9m90mn9rp27ly31r2rr0000gp/T/" />
    <property name="java.vendor.url.bug" value="http://bugreport.sun.com/bugreport/" />
    <property name="main.name" value="BibliotecaApp" />
    <property name="os.arch" value="x86_64" />
    <property name="java.awt.graphicsenv" value="sun.awt.CGraphicsEnvironment" />
    <property name="java.ext.dirs" value="/Users/maharjun/Library/Java/Extensions:/Library/Java/JavaVirtualMachines/jdk1.8.0_31.jdk/Contents/Home/jre/lib/ext:/Library/Java/Extensions:/Network/Library/Java/Extensions:/System/Library/Java/Extensions:/usr/lib/java" />
    <property name="user.dir" value="/Users/maharjun/IdeaProjects/BibliotecaApp" />
    <property name="line.separator" value="&#xa;" />
    <property name="java.vm.name" value="Java HotSpot(TM) 64-Bit Server VM" />
    <property name="basedir" value="/Users/maharjun/IdeaProjects/BibliotecaApp" />
    <property name="ant.java.version" value="1.8" />
    <property name="ant.core.lib" value="/usr/local/Cellar/ant/1.9.6/libexec/lib/ant.jar" />
    <property name="file.encoding" value="UTF-8" />
    <property name="java.specification.version" value="1.8" />
    <property name="ant.project.invoked-targets" value="coverage" />
  </properties>
  <testcase classname="com.twu.biblioteca.LibraryTest" name="shouldPrintThePreExistingListOfBooks" time="0.129" />
  <testcase classname="com.twu.biblioteca.LibraryTest" name="shouldPrintTheThankYouWhenChooseAvailableBook" time="0.0" />
  <testcase classname="com.twu.biblioteca.LibraryTest" name="shouldPrintTheInvalidMessageWhenWeWantToReturnInvalidBook" time="0.001" />
  <testcase classname="com.twu.biblioteca.LibraryTest" name="shouldPrintTheThankYouMessageWhenWeWantToReturnValidBook" time="0.0" />
  <testcase classname="com.twu.biblioteca.LibraryTest" name="shouldPrintTheInvalidMessageWhenChooseUnavailableBook" time="0.0" />
  <system-out><![CDATA[10:41:03,559 |-INFO in ch.qos.logback.classic.LoggerContext[default] - Could NOT find resource [logback.groovy]
10:41:03,559 |-INFO in ch.qos.logback.classic.LoggerContext[default] - Could NOT find resource [logback-test.xml]
10:41:03,560 |-INFO in ch.qos.logback.classic.LoggerContext[default] - Found resource [logback.xml] at [jar:file:/Users/maharjun/IdeaProjects/BibliotecaApp/lib/cobertura-2.1.1/cobertura-2.1.1-sources.jar!/logback.xml]
10:41:03,560 |-WARN in ch.qos.logback.classic.LoggerContext[default] - Resource [logback.xml] occurs multiple times on the classpath.
10:41:03,560 |-WARN in ch.qos.logback.classic.LoggerContext[default] - Resource [logback.xml] occurs at [jar:file:/Users/maharjun/IdeaProjects/BibliotecaApp/lib/cobertura-2.1.1/cobertura-2.1.1-sources.jar!/logback.xml]
10:41:03,560 |-WARN in ch.qos.logback.classic.LoggerContext[default] - Resource [logback.xml] occurs at [jar:file:/Users/maharjun/IdeaProjects/BibliotecaApp/lib/cobertura-2.1.1/cobertura-2.1.1.jar!/logback.xml]
10:41:03,574 |-INFO in ch.qos.logback.core.joran.spi.ConfigurationWatchList@7ac7a4e4 - URL [jar:file:/Users/maharjun/IdeaProjects/BibliotecaApp/lib/cobertura-2.1.1/cobertura-2.1.1-sources.jar!/logback.xml] is not of type file
10:41:03,605 |-INFO in ch.qos.logback.classic.joran.action.ConfigurationAction - debug attribute not set
10:41:03,606 |-INFO in ch.qos.logback.core.joran.action.AppenderAction - About to instantiate appender of type [ch.qos.logback.core.ConsoleAppender]
10:41:03,613 |-INFO in ch.qos.logback.core.joran.action.AppenderAction - Naming appender as [STDOUT]
10:41:03,627 |-INFO in ch.qos.logback.core.joran.action.NestedComplexPropertyIA - Assuming default type [ch.qos.logback.classic.encoder.PatternLayoutEncoder] for [encoder] property
10:41:03,651 |-INFO in ch.qos.logback.classic.joran.action.LoggerAction - Setting level of logger [net.sourceforge.cobertura] to INFO
10:41:03,652 |-INFO in ch.qos.logback.classic.joran.action.RootLoggerAction - Setting level of ROOT logger to DEBUG
10:41:03,652 |-INFO in ch.qos.logback.core.joran.action.AppenderRefAction - Attaching appender named [STDOUT] to Logger[ROOT]
10:41:03,652 |-INFO in ch.qos.logback.classic.joran.action.ConfigurationAction - End of configuration.
10:41:03,653 |-INFO in ch.qos.logback.classic.joran.JoranConfigurator@6d78f375 - Registering current configuration as safe fallback point

]]></system-out>
  <system-err><![CDATA[]]></system-err>
</testsuite>
