<?xml version="1.0" encoding="UTF-8" ?>
<testsuite errors="1" failures="0" hostname="INmaharjun.local" name="com.twu.biblioteca.DisplayTest" skipped="0" tests="1" time="0.04" timestamp="2015-09-14T05:11:03">
  <properties>
    <property name="java.vendor" value="Oracle Corporation" />
    <property name="sun.java.launcher" value="SUN_STANDARD" />
    <property name="sun.management.compiler" value="HotSpot 64-Bit Tiered Compilers" />
    <property name="os.name" value="Mac OS X" />
    <property name="sun.boot.class.path" value="/Library/Java/JavaVirtualMachines/jdk1.8.0_31.jdk/Contents/Home/jre/lib/resources.jar:/Library/Java/JavaVirtualMachines/jdk1.8.0_31.jdk/Contents/Home/jre/lib/rt.jar:/Library/Java/JavaVirtualMachines/jdk1.8.0_31.jdk/Contents/Home/jre/lib/sunrsasign.jar:/Library/Java/JavaVirtualMachines/jdk1.8.0_31.jdk/Contents/Home/jre/lib/jsse.jar:/Library/Java/JavaVirtualMachines/jdk1.8.0_31.jdk/Contents/Home/jre/lib/jce.jar:/Library/Java/JavaVirtualMachines/jdk1.8.0_31.jdk/Contents/Home/jre/lib/charsets.jar:/Library/Java/JavaVirtualMachines/jdk1.8.0_31.jdk/Contents/Home/jre/lib/jfr.jar:/Library/Java/JavaVirtualMachines/jdk1.8.0_31.jdk/Contents/Home/jre/classes" />
    <property name="java.vm.specification.vendor" value="Oracle Corporation" />
    <property name="ant.home" value="/usr/local/Cellar/ant/1.9.6/libexec" />
    <property name="java.runtime.version" value="1.8.0_31-b13" />
    <property name="package.name" value="com.twu.biblioteca" />
    <property name="cobertura.dir" value="lib/cobertura" />
    <property name="user.name" value="maharjun" />
    <property name="user.language" value="en" />
    <property name="sun.boot.library.path" value="/Library/Java/JavaVirtualMachines/jdk1.8.0_31.jdk/Contents/Home/jre/lib" />
    <property name="ant.file.BibliotecaVersion1" value="/Users/maharjun/IdeaProjects/BibliotecaApp/build.xml" />
    <property name="ant.project.default-target" value="coverage" />
    <property name="ant.project.name" value="BibliotecaVersion1" />
    <property name="java.version" value="1.8.0_31" />
    <property name="user.timezone" value="Asia/Kolkata" />
    <property name="sun.arch.data.model" value="64" />
    <property name="http.nonProxyHosts" value="local|*.local|169.254/16|*.169.254/16" />
    <property name="java.endorsed.dirs" value="/Library/Java/JavaVirtualMachines/jdk1.8.0_31.jdk/Contents/Home/jre/lib/endorsed" />
    <property name="sun.cpu.isalist" value="" />
    <property name="sun.jnu.encoding" value="UTF-8" />
    <property name="file.encoding.pkg" value="sun.io" />
    <property name="file.separator" value="/" />
    <property name="java.specification.name" value="Java Platform API Specification" />
    <property name="java.class.version" value="52.0" />
    <property name="user.country" value="US" />
    <property name="java.home" value="/Library/Java/JavaVirtualMachines/jdk1.8.0_31.jdk/Contents/Home/jre" />
    <property name="java.vm.info" value="mixed mode" />
    <property name="ant.file" value="/Users/maharjun/IdeaProjects/BibliotecaApp/build.xml" />
    <property name="os.version" value="10.10.5" />
    <property name="path.separator" value=":" />
    <property name="java.vm.version" value="25.31-b07" />
    <property name="ant.file.type.BibliotecaVersion1" value="file" />
    <property name="ant.library.dir" value="/usr/local/Cellar/ant/1.9.6/libexec/lib" />
    <property name="java.awt.printerjob" value="sun.lwawt.macosx.CPrinterJob" />
    <property name="sun.io.unicode.encoding" value="UnicodeBig" />
    <property name="awt.toolkit" value="sun.lwawt.macosx.LWCToolkit" />
    <property name="socksNonProxyHosts" value="local|*.local|169.254/16|*.169.254/16" />
    <property name="ftp.nonProxyHosts" value="local|*.local|169.254/16|*.169.254/16" />
    <property name="user.home" value="/Users/maharjun" />
    <property name="java.specification.vendor" value="Oracle Corporation" />
    <property name="java.library.path" value="/Users/maharjun/Library/Java/Extensions:/Library/Java/Extensions:/Network/Library/Java/Extensions:/System/Library/Java/Extensions:/usr/lib/java:." />
    <property name="java.vendor.url" value="http://java.oracle.com/" />
    <property name="java.vm.vendor" value="Oracle Corporation" />
    <property name="gopherProxySet" value="false" />
    <property name="java.runtime.name" value="Java(TM) SE Runtime Environment" />
    <property name="sun.java.command" value="org.apache.tools.ant.taskdefs.optional.junit.JUnitTestRunner com.twu.biblioteca.DisplayTest skipNonTests=false filtertrace=true haltOnError=false haltOnFailure=false formatter=org.apache.tools.ant.taskdefs.optional.junit.SummaryJUnitResultFormatter showoutput=false outputtoformatters=true logfailedtests=true threadid=0 logtestlistenerevents=false formatter=org.apache.tools.ant.taskdefs.optional.junit.XMLJUnitResultFormatter,/Users/maharjun/IdeaProjects/BibliotecaApp/reports/TEST-com.twu.biblioteca.DisplayTest.xml formatter=org.apache.tools.ant.taskdefs.optional.junit.PlainJUnitResultFormatter crashfile=/Users/maharjun/IdeaProjects/BibliotecaApp/junitvmwatcher4468523142498482748.properties propsfile=/Users/maharjun/IdeaProjects/BibliotecaApp/junit4038501114968676639.properties" />
    <property name="java.class.path" value="/Users/maharjun/IdeaProjects/BibliotecaApp/instrumented:/Users/maharjun/IdeaProjects/BibliotecaApp/lib/junit-4.11.jar:/Users/maharjun/IdeaProjects/BibliotecaApp/lib/hamcrest-core-1.3.jar:/Users/maharjun/IdeaProjects/BibliotecaApp/out:/Users/maharjun/IdeaProjects/BibliotecaApp/lib/cobertura-2.1.1/cobertura-2.1.1-javadoc.jar:/Users/maharjun/IdeaProjects/BibliotecaApp/lib/cobertura-2.1.1/cobertura-2.1.1-sources.jar:/Users/maharjun/IdeaProjects/BibliotecaApp/lib/cobertura-2.1.1/cobertura-2.1.1.jar:/Users/maharjun/IdeaProjects/BibliotecaApp/lib/cobertura-2.1.1/lib/asm-5.0.1.jar:/Users/maharjun/IdeaProjects/BibliotecaApp/lib/cobertura-2.1.1/lib/asm-analysis-5.0.1.jar:/Users/maharjun/IdeaProjects/BibliotecaApp/lib/cobertura-2.1.1/lib/asm-commons-5.0.1.jar:/Users/maharjun/IdeaProjects/BibliotecaApp/lib/cobertura-2.1.1/lib/asm-tree-5.0.1.jar:/Users/maharjun/IdeaProjects/BibliotecaApp/lib/cobertura-2.1.1/lib/asm-util-5.0.1.jar:/Users/maharjun/IdeaProjects/BibliotecaApp/lib/cobertura-2.1.1/lib/commons-lang3-3.3.2.jar:/Users/maharjun/IdeaProjects/BibliotecaApp/lib/cobertura-2.1.1/lib/hamcrest-core-1.3.jar:/Users/maharjun/IdeaProjects/BibliotecaApp/lib/cobertura-2.1.1/lib/jaxen-1.1.4.jar:/Users/maharjun/IdeaProjects/BibliotecaApp/lib/cobertura-2.1.1/lib/jetty-6.1.14.jar:/Users/maharjun/IdeaProjects/BibliotecaApp/lib/cobertura-2.1.1/lib/jetty-util-6.1.14.jar:/Users/maharjun/IdeaProjects/BibliotecaApp/lib/cobertura-2.1.1/lib/junit-4.11.jar:/Users/maharjun/IdeaProjects/BibliotecaApp/lib/cobertura-2.1.1/lib/logback-classic-1.0.13.jar:/Users/maharjun/IdeaProjects/BibliotecaApp/lib/cobertura-2.1.1/lib/logback-core-1.0.13.jar:/Users/maharjun/IdeaProjects/BibliotecaApp/lib/cobertura-2.1.1/lib/oro-2.0.8.jar:/Users/maharjun/IdeaProjects/BibliotecaApp/lib/cobertura-2.1.1/lib/servlet-api-2.5-6.1.14.jar:/Users/maharjun/IdeaProjects/BibliotecaApp/lib/cobertura-2.1.1/lib/slf4j-api-1.7.5.jar:/usr/local/Cellar/ant/1.9.6/libexec/lib/ant-launcher.jar:/usr/local/Cellar/ant/1.9.6/libexec/lib/ant.jar:/usr/local/Cellar/ant/1.9.6/libexec/lib/ant-junit.jar:/usr/local/Cellar/ant/1.9.6/libexec/lib/ant-junit4.jar" />
    <property name="ant.version" value="Apache Ant(TM) version 1.9.6 compiled on June 29 2015" />
    <property name="project.name" value="BibliotecaApp" />
    <property name="java.vm.specification.name" value="Java Virtual Machine Specification" />
    <property name="ant.file.type" value="file" />
    <property name="java.vm.specification.version" value="1.8" />
    <property name="sun.cpu.endian" value="little" />
    <property name="sun.os.patch.level" value="unknown" />
    <property name="java.io.tmpdir" value="/var/folders/x4/y6p7k9m90mn9rp27ly31r2rr0000gp/T/" />
    <property name="java.vendor.url.bug" value="http://bugreport.sun.com/bugreport/" />
    <property name="main.name" value="BibliotecaApp" />
    <property name="os.arch" value="x86_64" />
    <property name="java.awt.graphicsenv" value="sun.awt.CGraphicsEnvironment" />
    <property name="java.ext.dirs" value="/Users/maharjun/Library/Java/Extensions:/Library/Java/JavaVirtualMachines/jdk1.8.0_31.jdk/Contents/Home/jre/lib/ext:/Library/Java/Extensions:/Network/Library/Java/Extensions:/System/Library/Java/Extensions:/usr/lib/java" />
    <property name="user.dir" value="/Users/maharjun/IdeaProjects/BibliotecaApp" />
    <property name="line.separator" value="&#xa;" />
    <property name="java.vm.name" value="Java HotSpot(TM) 64-Bit Server VM" />
    <property name="basedir" value="/Users/maharjun/IdeaProjects/BibliotecaApp" />
    <property name="ant.java.version" value="1.8" />
    <property name="ant.core.lib" value="/usr/local/Cellar/ant/1.9.6/libexec/lib/ant.jar" />
    <property name="file.encoding" value="UTF-8" />
    <property name="java.specification.version" value="1.8" />
    <property name="ant.project.invoked-targets" value="coverage" />
  </properties>
  <testcase classname="com.twu.biblioteca.DisplayTest" name="shouldPrintTheString" time="0.008">
    <error message="org/mockito/Mockito" type="java.lang.NoClassDefFoundError">java.lang.NoClassDefFoundError: org/mockito/Mockito
	at com.twu.biblioteca.DisplayTest.shouldPrintTheString(DisplayTest.java:15)
Caused by: java.lang.ClassNotFoundException: org.mockito.Mockito
	at java.net.URLClassLoader$1.run(URLClassLoader.java:372)
	at java.net.URLClassLoader$1.run(URLClassLoader.java:361)
	at java.security.AccessController.doPrivileged(Native Method)
	at java.net.URLClassLoader.findClass(URLClassLoader.java:360)
	at java.lang.ClassLoader.loadClass(ClassLoader.java:424)
	at sun.misc.Launcher$AppClassLoader.loadClass(Launcher.java:308)
	at java.lang.ClassLoader.loadClass(ClassLoader.java:357)
</error>
  </testcase>
  <system-out><![CDATA[]]></system-out>
  <system-err><![CDATA[]]></system-err>
</testsuite>
